<?xml version="1.0" encoding="UTF-8"?>
<testsuite xmlns:xsi="http://www.w3.org/2001/XMLSchema-instance" xsi:noNamespaceSchemaLocation="https://maven.apache.org/surefire/maven-surefire-plugin/xsd/surefire-test-report.xsd" name="net.go176.AppTest" time="0.111" tests="1" errors="0" skipped="0" failures="0">
  <properties>
    <property name="java.specification.version" value="17"/>
    <property name="sun.cpu.isalist" value="amd64"/>
    <property name="sun.jnu.encoding" value="GBK"/>
    <property name="java.class.path" value="M:\[源码]是个语言项目就放这\JAVA\GeekLauncher\GeekLauncher\ServerClient_Web\target\test-classes;M:\[源码]是个语言项目就放这\JAVA\GeekLauncher\GeekLauncher\ServerClient_Web\target\classes;D:\User\Xuan\.m2\repository\junit\junit\3.8.1\junit-3.8.1.jar;D:\User\Xuan\.m2\repository\org\springframework\boot\spring-boot-starter\2.1.3.RELEASE\spring-boot-starter-2.1.3.RELEASE.jar;D:\User\Xuan\.m2\repository\org\springframework\boot\spring-boot\2.1.3.RELEASE\spring-boot-2.1.3.RELEASE.jar;D:\User\Xuan\.m2\repository\org\springframework\spring-context\5.1.5.RELEASE\spring-context-5.1.5.RELEASE.jar;D:\User\Xuan\.m2\repository\org\springframework\boot\spring-boot-autoconfigure\2.1.3.RELEASE\spring-boot-autoconfigure-2.1.3.RELEASE.jar;D:\User\Xuan\.m2\repository\javax\annotation\javax.annotation-api\1.3.2\javax.annotation-api-1.3.2.jar;D:\User\Xuan\.m2\repository\org\springframework\spring-core\5.1.5.RELEASE\spring-core-5.1.5.RELEASE.jar;D:\User\Xuan\.m2\repository\org\springframework\spring-jcl\5.1.5.RELEASE\spring-jcl-5.1.5.RELEASE.jar;D:\User\Xuan\.m2\repository\org\yaml\snakeyaml\1.23\snakeyaml-1.23.jar;D:\User\Xuan\.m2\repository\org\springframework\boot\spring-boot-starter-web\2.1.3.RELEASE\spring-boot-starter-web-2.1.3.RELEASE.jar;D:\User\Xuan\.m2\repository\org\springframework\boot\spring-boot-starter-json\2.1.3.RELEASE\spring-boot-starter-json-2.1.3.RELEASE.jar;D:\User\Xuan\.m2\repository\com\fasterxml\jackson\datatype\jackson-datatype-jdk8\2.9.8\jackson-datatype-jdk8-2.9.8.jar;D:\User\Xuan\.m2\repository\com\fasterxml\jackson\datatype\jackson-datatype-jsr310\2.9.8\jackson-datatype-jsr310-2.9.8.jar;D:\User\Xuan\.m2\repository\com\fasterxml\jackson\module\jackson-module-parameter-names\2.9.8\jackson-module-parameter-names-2.9.8.jar;D:\User\Xuan\.m2\repository\org\springframework\boot\spring-boot-starter-tomcat\2.1.3.RELEASE\spring-boot-starter-tomcat-2.1.3.RELEASE.jar;D:\User\Xuan\.m2\repository\org\apache\tomcat\embed\tomcat-embed-core\9.0.16\tomcat-embed-core-9.0.16.jar;D:\User\Xuan\.m2\repository\org\apache\tomcat\embed\tomcat-embed-el\9.0.16\tomcat-embed-el-9.0.16.jar;D:\User\Xuan\.m2\repository\org\apache\tomcat\embed\tomcat-embed-websocket\9.0.16\tomcat-embed-websocket-9.0.16.jar;D:\User\Xuan\.m2\repository\org\hibernate\validator\hibernate-validator\6.0.14.Final\hibernate-validator-6.0.14.Final.jar;D:\User\Xuan\.m2\repository\com\fasterxml\classmate\1.4.0\classmate-1.4.0.jar;D:\User\Xuan\.m2\repository\org\springframework\spring-web\5.1.5.RELEASE\spring-web-5.1.5.RELEASE.jar;D:\User\Xuan\.m2\repository\org\springframework\spring-beans\5.1.5.RELEASE\spring-beans-5.1.5.RELEASE.jar;D:\User\Xuan\.m2\repository\org\springframework\spring-webmvc\5.1.5.RELEASE\spring-webmvc-5.1.5.RELEASE.jar;D:\User\Xuan\.m2\repository\org\springframework\spring-aop\5.1.5.RELEASE\spring-aop-5.1.5.RELEASE.jar;D:\User\Xuan\.m2\repository\org\springframework\spring-expression\5.1.5.RELEASE\spring-expression-5.1.5.RELEASE.jar;D:\User\Xuan\.m2\repository\org\springframework\boot\spring-boot-starter-log4j2\2.1.3.RELEASE\spring-boot-starter-log4j2-2.1.3.RELEASE.jar;D:\User\Xuan\.m2\repository\org\apache\logging\log4j\log4j-core\2.11.2\log4j-core-2.11.2.jar;D:\User\Xuan\.m2\repository\org\apache\logging\log4j\log4j-jul\2.11.2\log4j-jul-2.11.2.jar;D:\User\Xuan\.m2\repository\org\slf4j\jul-to-slf4j\1.7.25\jul-to-slf4j-1.7.25.jar;D:\User\Xuan\.m2\repository\org\apache\tapestry\tapestry-core\5.7.3\tapestry-core-5.7.3.jar;D:\User\Xuan\.m2\repository\org\apache\tapestry\tapestry-ioc\5.7.3\tapestry-ioc-5.7.3.jar;D:\User\Xuan\.m2\repository\org\apache\tapestry\tapestry-func\5.7.3\tapestry-func-5.7.3.jar;D:\User\Xuan\.m2\repository\org\apache\tapestry\tapestry5-annotations\5.7.3\tapestry5-annotations-5.7.3.jar;D:\User\Xuan\.m2\repository\org\apache\tapestry\plastic\5.7.3\plastic-5.7.3.jar;D:\User\Xuan\.m2\repository\javax\inject\javax.inject\1\javax.inject-1.jar;D:\User\Xuan\.m2\repository\org\apache\tapestry\tapestry-json\5.7.3\tapestry-json-5.7.3.jar;D:\User\Xuan\.m2\repository\org\apache\tapestry\beanmodel\5.7.3\beanmodel-5.7.3.jar;D:\User\Xuan\.m2\repository\org\apache\tapestry\commons\5.7.3\commons-5.7.3.jar;D:\User\Xuan\.m2\repository\org\antlr\antlr-runtime\3.5.2\antlr-runtime-3.5.2.jar;D:\User\Xuan\.m2\repository\org\apache\tapestry\tapestry-http\5.7.3\tapestry-http-5.7.3.jar;D:\User\Xuan\.m2\repository\jakarta\annotation\jakarta.annotation-api\1.3.4\jakarta.annotation-api-1.3.4.jar;D:\User\Xuan\.m2\repository\jakarta\xml\bind\jakarta.xml.bind-api\2.3.2\jakarta.xml.bind-api-2.3.2.jar;D:\User\Xuan\.m2\repository\jakarta\activation\jakarta.activation-api\1.2.1\jakarta.activation-api-1.2.1.jar;D:\User\Xuan\.m2\repository\org\glassfish\jaxb\jaxb-runtime\2.3.1\jaxb-runtime-2.3.1.jar;D:\User\Xuan\.m2\repository\javax\xml\bind\jaxb-api\2.3.1\jaxb-api-2.3.1.jar;D:\User\Xuan\.m2\repository\org\glassfish\jaxb\txw2\2.3.1\txw2-2.3.1.jar;D:\User\Xuan\.m2\repository\com\sun\istack\istack-commons-runtime\3.0.7\istack-commons-runtime-3.0.7.jar;D:\User\Xuan\.m2\repository\org\jvnet\staxex\stax-ex\1.8\stax-ex-1.8.jar;D:\User\Xuan\.m2\repository\com\sun\xml\fastinfoset\FastInfoset\1.2.15\FastInfoset-1.2.15.jar;D:\User\Xuan\.m2\repository\javax\activation\javax.activation-api\1.2.0\javax.activation-api-1.2.0.jar;D:\User\Xuan\.m2\repository\com\sun\xml\ws\jaxws-rt\2.3.2\jaxws-rt-2.3.2.jar;D:\User\Xuan\.m2\repository\jakarta\xml\ws\jakarta.xml.ws-api\2.3.2\jakarta.xml.ws-api-2.3.2.jar;D:\User\Xuan\.m2\repository\jakarta\xml\soap\jakarta.xml.soap-api\1.4.1\jakarta.xml.soap-api-1.4.1.jar;D:\User\Xuan\.m2\repository\jakarta\jws\jakarta.jws-api\1.1.1\jakarta.jws-api-1.1.1.jar;D:\User\Xuan\.m2\repository\com\sun\xml\ws\policy\2.7.6\policy-2.7.6.jar;D:\User\Xuan\.m2\repository\org\glassfish\gmbal\gmbal\4.0.0\gmbal-4.0.0.jar;D:\User\Xuan\.m2\repository\org\glassfish\external\management-api\3.2.1\management-api-3.2.1.jar;D:\User\Xuan\.m2\repository\org\glassfish\pfl\pfl-basic\4.0.1\pfl-basic-4.0.1.jar;D:\User\Xuan\.m2\repository\org\glassfish\pfl\pfl-tf\4.0.1\pfl-tf-4.0.1.jar;D:\User\Xuan\.m2\repository\org\glassfish\pfl\pfl-asm\4.0.1\pfl-asm-4.0.1.jar;D:\User\Xuan\.m2\repository\org\glassfish\pfl\pfl-dynamic\4.0.1\pfl-dynamic-4.0.1.jar;D:\User\Xuan\.m2\repository\org\glassfish\pfl\pfl-basic-tools\4.0.1\pfl-basic-tools-4.0.1.jar;D:\User\Xuan\.m2\repository\org\glassfish\pfl\pfl-tf-tools\4.0.1\pfl-tf-tools-4.0.1.jar;D:\User\Xuan\.m2\repository\com\sun\xml\stream\buffer\streambuffer\1.5.7\streambuffer-1.5.7.jar;D:\User\Xuan\.m2\repository\org\jvnet\mimepull\mimepull\1.9.11\mimepull-1.9.11.jar;D:\User\Xuan\.m2\repository\org\glassfish\ha\ha-api\3.1.12\ha-api-3.1.12.jar;D:\User\Xuan\.m2\repository\com\sun\xml\messaging\saaj\saaj-impl\1.5.0\saaj-impl-1.5.0.jar;D:\User\Xuan\.m2\repository\com\fasterxml\woodstox\woodstox-core\5.1.0\woodstox-core-5.1.0.jar;D:\User\Xuan\.m2\repository\org\codehaus\woodstox\stax2-api\4.1\stax2-api-4.1.jar;D:\User\Xuan\.m2\repository\javax\xml\ws\jaxws-api\2.3.1\jaxws-api-2.3.1.jar;D:\User\Xuan\.m2\repository\javax\xml\soap\javax.xml.soap-api\1.4.0\javax.xml.soap-api-1.4.0.jar;D:\User\Xuan\.m2\repository\commons-codec\commons-codec\1.11\commons-codec-1.11.jar;D:\User\Xuan\.m2\repository\org\apache\tapestry\tapestry-webresources\5.7.3\tapestry-webresources-5.7.3.jar;D:\User\Xuan\.m2\repository\com\github\sommeri\less4j\1.12.0\less4j-1.12.0.jar;D:\User\Xuan\.m2\repository\commons-beanutils\commons-beanutils\1.8.3\commons-beanutils-1.8.3.jar;D:\User\Xuan\.m2\repository\commons-logging\commons-logging\1.1.1\commons-logging-1.1.1.jar;D:\User\Xuan\.m2\repository\org\json\json\20090211\json-20090211.jar;D:\User\Xuan\.m2\repository\com\google\protobuf\protobuf-java\2.5.0\protobuf-java-2.5.0.jar;D:\User\Xuan\.m2\repository\com\google\javascript\closure-compiler-unshaded\v20200504\closure-compiler-unshaded-v20200504.jar;D:\User\Xuan\.m2\repository\com\google\javascript\closure-compiler-externs\v20200504\closure-compiler-externs-v20200504.jar;D:\User\Xuan\.m2\repository\args4j\args4j\2.0.26\args4j-2.0.26.jar;D:\User\Xuan\.m2\repository\com\google\errorprone\error_prone_annotations\2.3.1\error_prone_annotations-2.3.1.jar;D:\User\Xuan\.m2\repository\com\google\code\gson\gson\2.8.5\gson-2.8.5.jar;D:\User\Xuan\.m2\repository\com\google\code\findbugs\jsr305\3.0.1\jsr305-3.0.1.jar;D:\User\Xuan\.m2\repository\com\google\jsinterop\jsinterop-annotations\1.0.2\jsinterop-annotations-1.0.2.jar;D:\User\Xuan\.m2\repository\com\google\jsinterop\base\1.0.0\base-1.0.0.jar;D:\User\Xuan\.m2\repository\com\google\elemental2\elemental2-core\1.0.0-RC1\elemental2-core-1.0.0-RC1.jar;D:\User\Xuan\.m2\repository\com\google\re2j\re2j\1.3\re2j-1.3.jar;D:\User\Xuan\.m2\repository\org\mozilla\rhino\1.7.7.2\rhino-1.7.7.2.jar;D:\User\Xuan\.m2\repository\org\apache\tapestry\tapestry-hibernate\5.7.3\tapestry-hibernate-5.7.3.jar;D:\User\Xuan\.m2\repository\org\apache\tapestry\tapestry-hibernate-core\5.7.3\tapestry-hibernate-core-5.7.3.jar;D:\User\Xuan\.m2\repository\org\hibernate\hibernate-core\5.3.7.Final\hibernate-core-5.3.7.Final.jar;D:\User\Xuan\.m2\repository\javax\persistence\javax.persistence-api\2.2\javax.persistence-api-2.2.jar;D:\User\Xuan\.m2\repository\org\javassist\javassist\3.23.1-GA\javassist-3.23.1-GA.jar;D:\User\Xuan\.m2\repository\antlr\antlr\2.7.7\antlr-2.7.7.jar;D:\User\Xuan\.m2\repository\org\jboss\spec\javax\transaction\jboss-transaction-api_1.2_spec\1.1.1.Final\jboss-transaction-api_1.2_spec-1.1.1.Final.jar;D:\User\Xuan\.m2\repository\org\jboss\jandex\2.0.5.Final\jandex-2.0.5.Final.jar;D:\User\Xuan\.m2\repository\org\dom4j\dom4j\2.1.1\dom4j-2.1.1.jar;D:\User\Xuan\.m2\repository\org\hibernate\common\hibernate-commons-annotations\5.0.4.Final\hibernate-commons-annotations-5.0.4.Final.jar;D:\User\Xuan\.m2\repository\org\jboss\logging\jboss-logging\3.3.2.Final\jboss-logging-3.3.2.Final.jar;D:\User\Xuan\.m2\repository\org\apache\tapestry\tapestry-beanvalidator\5.7.3\tapestry-beanvalidator-5.7.3.jar;D:\User\Xuan\.m2\repository\javax\validation\validation-api\2.0.1.Final\validation-api-2.0.1.Final.jar;D:\User\Xuan\.m2\repository\org\hibernate\hibernate-validator\4.3.2.Final\hibernate-validator-4.3.2.Final.jar;D:\User\Xuan\.m2\repository\org\apache\tapestry\tapestry-upload\5.7.3\tapestry-upload-5.7.3.jar;D:\User\Xuan\.m2\repository\commons-fileupload\commons-fileupload\1.3.2\commons-fileupload-1.3.2.jar;D:\User\Xuan\.m2\repository\commons-io\commons-io\2.4\commons-io-2.4.jar;D:\User\Xuan\.m2\repository\org\apache\tapestry\tapestry-test\5.7.3\tapestry-test-5.7.3.jar;D:\User\Xuan\.m2\repository\org\apache\tapestry\tapestry-test-data\5.7.3\tapestry-test-data-5.7.3.jar;D:\User\Xuan\.m2\repository\org\apache\tapestry\tapestry-runner\5.7.3\tapestry-runner-5.7.3.jar;D:\User\Xuan\.m2\repository\org\apache\tapestry\tapestry-test-constants\5.7.3\tapestry-test-constants-5.7.3.jar;D:\User\Xuan\.m2\repository\org\eclipse\jetty\jetty-server\9.4.14.v20181114\jetty-server-9.4.14.v20181114.jar;D:\User\Xuan\.m2\repository\org\eclipse\jetty\jetty-http\9.4.14.v20181114\jetty-http-9.4.14.v20181114.jar;D:\User\Xuan\.m2\repository\org\eclipse\jetty\jetty-io\9.4.14.v20181114\jetty-io-9.4.14.v20181114.jar;D:\User\Xuan\.m2\repository\org\eclipse\jetty\jetty-jndi\9.4.14.v20181114\jetty-jndi-9.4.14.v20181114.jar;D:\User\Xuan\.m2\repository\org\eclipse\jetty\jetty-util\9.4.14.v20181114\jetty-util-9.4.14.v20181114.jar;D:\User\Xuan\.m2\repository\org\eclipse\jetty\jetty-plus\9.4.14.v20181114\jetty-plus-9.4.14.v20181114.jar;D:\User\Xuan\.m2\repository\org\eclipse\jetty\jetty-webapp\9.4.14.v20181114\jetty-webapp-9.4.14.v20181114.jar;D:\User\Xuan\.m2\repository\org\eclipse\jetty\jetty-xml\9.4.14.v20181114\jetty-xml-9.4.14.v20181114.jar;D:\User\Xuan\.m2\repository\org\eclipse\jetty\jetty-servlet\9.4.14.v20181114\jetty-servlet-9.4.14.v20181114.jar;D:\User\Xuan\.m2\repository\org\eclipse\jetty\jetty-security\9.4.14.v20181114\jetty-security-9.4.14.v20181114.jar;D:\User\Xuan\.m2\repository\org\apache\tomcat\tomcat-catalina\7.0.70\tomcat-catalina-7.0.70.jar;D:\User\Xuan\.m2\repository\org\apache\tomcat\tomcat-servlet-api\7.0.70\tomcat-servlet-api-7.0.70.jar;D:\User\Xuan\.m2\repository\org\apache\tomcat\tomcat-juli\7.0.70\tomcat-juli-7.0.70.jar;D:\User\Xuan\.m2\repository\org\apache\tomcat\tomcat-annotations-api\9.0.16\tomcat-annotations-api-9.0.16.jar;D:\User\Xuan\.m2\repository\org\apache\tomcat\tomcat-api\7.0.70\tomcat-api-7.0.70.jar;D:\User\Xuan\.m2\repository\org\apache\tomcat\tomcat-util\7.0.70\tomcat-util-7.0.70.jar;D:\User\Xuan\.m2\repository\org\apache\tomcat\tomcat-coyote\7.0.70\tomcat-coyote-7.0.70.jar;D:\User\Xuan\.m2\repository\org\apache\tomcat\tomcat-dbcp\7.0.70\tomcat-dbcp-7.0.70.jar;D:\User\Xuan\.m2\repository\commons-cli\commons-cli\1.2\commons-cli-1.2.jar;D:\User\Xuan\.m2\repository\org\apache\tomcat\tomcat-jasper\7.0.70\tomcat-jasper-7.0.70.jar;D:\User\Xuan\.m2\repository\org\apache\tomcat\tomcat-jsp-api\9.0.16\tomcat-jsp-api-9.0.16.jar;D:\User\Xuan\.m2\repository\org\apache\tomcat\tomcat-el-api\7.0.70\tomcat-el-api-7.0.70.jar;D:\User\Xuan\.m2\repository\org\eclipse\jdt\core\compiler\ecj\4.4.2\ecj-4.4.2.jar;D:\User\Xuan\.m2\repository\org\apache\tomcat\tomcat-jasper-el\7.0.70\tomcat-jasper-el-7.0.70.jar;D:\User\Xuan\.m2\repository\io\github\bonigarcia\webdrivermanager\2.2.4\webdrivermanager-2.2.4.jar;D:\User\Xuan\.m2\repository\org\apache\commons\commons-lang3\3.8.1\commons-lang3-3.8.1.jar;D:\User\Xuan\.m2\repository\org\apache\httpcomponents\httpclient\4.5.7\httpclient-4.5.7.jar;D:\User\Xuan\.m2\repository\org\rauschig\jarchivelib\0.8.0\jarchivelib-0.8.0.jar;D:\User\Xuan\.m2\repository\org\apache\commons\commons-compress\1.14\commons-compress-1.14.jar;D:\User\Xuan\.m2\repository\org\jsoup\jsoup\1.11.3\jsoup-1.11.3.jar;D:\User\Xuan\.m2\repository\org\seleniumhq\selenium\selenium-leg-rc\3.141.59\selenium-leg-rc-3.141.59.jar;D:\User\Xuan\.m2\repository\org\seleniumhq\selenium\selenium-chrome-driver\3.14.0\selenium-chrome-driver-3.14.0.jar;D:\User\Xuan\.m2\repository\org\seleniumhq\selenium\selenium-edge-driver\3.14.0\selenium-edge-driver-3.14.0.jar;D:\User\Xuan\.m2\repository\org\seleniumhq\selenium\selenium-firefox-driver\3.14.0\selenium-firefox-driver-3.14.0.jar;D:\User\Xuan\.m2\repository\org\seleniumhq\selenium\selenium-ie-driver\3.14.0\selenium-ie-driver-3.14.0.jar;D:\User\Xuan\.m2\repository\org\seleniumhq\selenium\selenium-opera-driver\3.14.0\selenium-opera-driver-3.14.0.jar;D:\User\Xuan\.m2\repository\org\seleniumhq\selenium\selenium-safari-driver\3.14.0\selenium-safari-driver-3.14.0.jar;D:\User\Xuan\.m2\repository\org\apache\ant\ant\1.9.9\ant-1.9.9.jar;D:\User\Xuan\.m2\repository\org\apache\ant\ant-launcher\1.9.9\ant-launcher-1.9.9.jar;D:\User\Xuan\.m2\repository\com\beust\jcommander\1.72\jcommander-1.72.jar;D:\User\Xuan\.m2\repository\org\easymock\easymock\3.3.1\easymock-3.3.1.jar;D:\User\Xuan\.m2\repository\cglib\cglib\3.1\cglib-3.1.jar;D:\User\Xuan\.m2\repository\org\ow2\asm\asm\5.0.3\asm-5.0.3.jar;D:\User\Xuan\.m2\repository\org\objenesis\objenesis\2.1\objenesis-2.1.jar;D:\User\Xuan\.m2\repository\net\sourceforge\tapestrytestify\tapestry-testify\1.0.4\tapestry-testify-1.0.4.jar;D:\User\Xuan\.m2\repository\org\testng\testng\5.8\testng-5.8-jdk15.jar;D:\User\Xuan\.m2\repository\net\sourceforge\tapestryxpath\tapestry-xpath\1.0.1\tapestry-xpath-1.0.1.jar;D:\User\Xuan\.m2\repository\jaxen\jaxen\1.1.6\jaxen-1.1.6.jar;D:\User\Xuan\.m2\repository\org\spockframework\spock-core\1.3-RC1-groovy-2.5\spock-core-1.3-RC1-groovy-2.5.jar;D:\User\Xuan\.m2\repository\org\codehaus\groovy\groovy\2.5.6\groovy-2.5.6.jar;D:\User\Xuan\.m2\repository\org\codehaus\groovy\groovy-json\2.5.6\groovy-json-2.5.6.jar;D:\User\Xuan\.m2\repository\org\codehaus\groovy\groovy-nio\2.5.6\groovy-nio-2.5.6.jar;D:\User\Xuan\.m2\repository\org\codehaus\groovy\groovy-macro\2.5.6\groovy-macro-2.5.6.jar;D:\User\Xuan\.m2\repository\org\codehaus\groovy\groovy-templates\2.5.6\groovy-templates-2.5.6.jar;D:\User\Xuan\.m2\repository\org\codehaus\groovy\groovy-test\2.5.6\groovy-test-2.5.6.jar;D:\User\Xuan\.m2\repository\org\codehaus\groovy\groovy-sql\2.5.6\groovy-sql-2.5.6.jar;D:\User\Xuan\.m2\repository\org\codehaus\groovy\groovy-xml\2.5.6\groovy-xml-2.5.6.jar;D:\User\Xuan\.m2\repository\org\spockframework\spock-spring\1.3-RC1-groovy-2.5\spock-spring-1.3-RC1-groovy-2.5.jar;D:\User\Xuan\.m2\repository\org\springframework\boot\spring-boot-starter-test\2.1.3.RELEASE\spring-boot-starter-test-2.1.3.RELEASE.jar;D:\User\Xuan\.m2\repository\org\springframework\boot\spring-boot-test\2.1.3.RELEASE\spring-boot-test-2.1.3.RELEASE.jar;D:\User\Xuan\.m2\repository\org\springframework\boot\spring-boot-test-autoconfigure\2.1.3.RELEASE\spring-boot-test-autoconfigure-2.1.3.RELEASE.jar;D:\User\Xuan\.m2\repository\com\jayway\jsonpath\json-path\2.4.0\json-path-2.4.0.jar;D:\User\Xuan\.m2\repository\net\minidev\json-smart\2.3\json-smart-2.3.jar;D:\User\Xuan\.m2\repository\net\minidev\accessors-smart\1.2\accessors-smart-1.2.jar;D:\User\Xuan\.m2\repository\org\assertj\assertj-core\3.11.1\assertj-core-3.11.1.jar;D:\User\Xuan\.m2\repository\org\mockito\mockito-core\2.23.4\mockito-core-2.23.4.jar;D:\User\Xuan\.m2\repository\net\bytebuddy\byte-buddy-agent\1.9.10\byte-buddy-agent-1.9.10.jar;D:\User\Xuan\.m2\repository\org\hamcrest\hamcrest-core\1.3\hamcrest-core-1.3.jar;D:\User\Xuan\.m2\repository\org\hamcrest\hamcrest-library\1.3\hamcrest-library-1.3.jar;D:\User\Xuan\.m2\repository\org\skyscreamer\jsonassert\1.5.0\jsonassert-1.5.0.jar;D:\User\Xuan\.m2\repository\com\vaadin\external\google\android-json\0.0.20131108.vaadin1\android-json-0.0.20131108.vaadin1.jar;D:\User\Xuan\.m2\repository\org\springframework\spring-test\5.1.5.RELEASE\spring-test-5.1.5.RELEASE.jar;D:\User\Xuan\.m2\repository\org\xmlunit\xmlunit-core\2.6.2\xmlunit-core-2.6.2.jar;D:\User\Xuan\.m2\repository\org\gebish\geb-spock\2.3.1\geb-spock-2.3.1.jar;D:\User\Xuan\.m2\repository\org\codehaus\groovy\groovy-all\2.4.16\groovy-all-2.4.16.jar;D:\User\Xuan\.m2\repository\org\gebish\geb-core\2.3.1\geb-core-2.3.1.jar;D:\User\Xuan\.m2\repository\org\gebish\geb-ast\2.3.1\geb-ast-2.3.1.jar;D:\User\Xuan\.m2\repository\org\gebish\geb-waiting\2.3.1\geb-waiting-2.3.1.jar;D:\User\Xuan\.m2\repository\org\gebish\geb-implicit-assertions\2.3.1\geb-implicit-assertions-2.3.1.jar;D:\User\Xuan\.m2\repository\org\gebish\geb-exceptions\2.3.1\geb-exceptions-2.3.1.jar;D:\User\Xuan\.m2\repository\org\jodd\jodd-lagarto\3.7.1\jodd-lagarto-3.7.1.jar;D:\User\Xuan\.m2\repository\org\jodd\jodd-core\3.7.1\jodd-core-3.7.1.jar;D:\User\Xuan\.m2\repository\org\jodd\jodd-log\3.7.1\jodd-log-3.7.1.jar;D:\User\Xuan\.m2\repository\org\threeten\threeten-extra\1.4\threeten-extra-1.4.jar;D:\User\Xuan\.m2\repository\org\seleniumhq\selenium\selenium-support\3.141.59\selenium-support-3.141.59.jar;D:\User\Xuan\.m2\repository\org\seleniumhq\selenium\selenium-api\3.14.0\selenium-api-3.14.0.jar;D:\User\Xuan\.m2\repository\org\seleniumhq\selenium\selenium-remote-driver\3.14.0\selenium-remote-driver-3.14.0.jar;D:\User\Xuan\.m2\repository\org\apache\httpcomponents\httpcore\4.4.11\httpcore-4.4.11.jar;D:\User\Xuan\.m2\repository\net\bytebuddy\byte-buddy\1.9.10\byte-buddy-1.9.10.jar;D:\User\Xuan\.m2\repository\org\apache\commons\commons-exec\1.3\commons-exec-1.3.jar;D:\User\Xuan\.m2\repository\com\google\guava\guava\25.0-jre\guava-25.0-jre.jar;D:\User\Xuan\.m2\repository\org\checkerframework\checker-compat-qual\2.0.0\checker-compat-qual-2.0.0.jar;D:\User\Xuan\.m2\repository\com\google\j2objc\j2objc-annotations\1.1\j2objc-annotations-1.1.jar;D:\User\Xuan\.m2\repository\org\codehaus\mojo\animal-sniffer-annotations\1.14\animal-sniffer-annotations-1.14.jar;D:\User\Xuan\.m2\repository\com\squareup\okhttp3\okhttp\3.11.0\okhttp-3.11.0.jar;D:\User\Xuan\.m2\repository\com\squareup\okio\okio\1.14.0\okio-1.14.0.jar;D:\User\Xuan\.m2\repository\org\seleniumhq\selenium\htmlunit-driver\2.33.3\htmlunit-driver-2.33.3.jar;D:\User\Xuan\.m2\repository\net\sourceforge\htmlunit\htmlunit\2.33\htmlunit-2.33.jar;D:\User\Xuan\.m2\repository\xalan\xalan\2.7.2\xalan-2.7.2.jar;D:\User\Xuan\.m2\repository\xalan\serializer\2.7.2\serializer-2.7.2.jar;D:\User\Xuan\.m2\repository\org\apache\commons\commons-text\1.4\commons-text-1.4.jar;D:\User\Xuan\.m2\repository\org\apache\httpcomponents\httpmime\4.5.7\httpmime-4.5.7.jar;D:\User\Xuan\.m2\repository\net\sourceforge\htmlunit\htmlunit-core-js\2.33\htmlunit-core-js-2.33.jar;D:\User\Xuan\.m2\repository\net\sourceforge\htmlunit\neko-htmlunit\2.33\neko-htmlunit-2.33.jar;D:\User\Xuan\.m2\repository\xerces\xercesImpl\2.12.0\xercesImpl-2.12.0.jar;D:\User\Xuan\.m2\repository\xml-apis\xml-apis\1.4.01\xml-apis-1.4.01.jar;D:\User\Xuan\.m2\repository\net\sourceforge\htmlunit\htmlunit-cssparser\1.2.0\htmlunit-cssparser-1.2.0.jar;D:\User\Xuan\.m2\repository\commons-net\commons-net\3.6\commons-net-3.6.jar;D:\User\Xuan\.m2\repository\org\eclipse\jetty\websocket\websocket-client\9.4.14.v20181114\websocket-client-9.4.14.v20181114.jar;D:\User\Xuan\.m2\repository\org\eclipse\jetty\jetty-client\9.4.14.v20181114\jetty-client-9.4.14.v20181114.jar;D:\User\Xuan\.m2\repository\org\eclipse\jetty\websocket\websocket-common\9.4.14.v20181114\websocket-common-9.4.14.v20181114.jar;D:\User\Xuan\.m2\repository\org\eclipse\jetty\websocket\websocket-api\9.4.14.v20181114\websocket-api-9.4.14.v20181114.jar;D:\User\Xuan\.m2\repository\org\apache\logging\log4j\log4j-slf4j-impl\2.11.2\log4j-slf4j-impl-2.11.2.jar;D:\User\Xuan\.m2\repository\org\slf4j\slf4j-api\1.7.25\slf4j-api-1.7.25.jar;D:\User\Xuan\.m2\repository\org\apache\logging\log4j\log4j-api\2.11.2\log4j-api-2.11.2.jar;D:\User\Xuan\.m2\repository\org\eclipse\yasson\1.0.1\yasson-1.0.1.jar;D:\User\Xuan\.m2\repository\javax\json\bind\javax.json.bind-api\1.0\javax.json.bind-api-1.0.jar;D:\User\Xuan\.m2\repository\javax\json\javax.json-api\1.1.4\javax.json-api-1.1.4.jar;D:\User\Xuan\.m2\repository\javax\enterprise\cdi-api\2.0\cdi-api-2.0.jar;D:\User\Xuan\.m2\repository\javax\el\javax.el-api\3.0.0\javax.el-api-3.0.0.jar;D:\User\Xuan\.m2\repository\javax\interceptor\javax.interceptor-api\1.2\javax.interceptor-api-1.2.jar;D:\User\Xuan\.m2\repository\org\glassfish\javax.json\1.1.2\javax.json-1.1.2.jar;D:\User\Xuan\.m2\repository\com\fasterxml\jackson\core\jackson-databind\2.9.6\jackson-databind-2.9.6.jar;D:\User\Xuan\.m2\repository\com\fasterxml\jackson\core\jackson-annotations\2.9.0\jackson-annotations-2.9.0.jar;D:\User\Xuan\.m2\repository\com\fasterxml\jackson\core\jackson-core\2.9.8\jackson-core-2.9.8.jar;D:\User\Xuan\.m2\repository\com\fasterxml\jackson\dataformat\jackson-dataformat-yaml\2.9.6\jackson-dataformat-yaml-2.9.6.jar;D:\User\Xuan\.m2\repository\javax\servlet\javax.servlet-api\3.0.1\javax.servlet-api-3.0.1.jar;"/>
    <property name="java.vm.vendor" value="Oracle Corporation"/>
    <property name="sun.arch.data.model" value="64"/>
    <property name="user.variant" value=""/>
    <property name="java.vendor.url" value="https://java.oracle.com/"/>
    <property name="user.timezone" value="Asia/Shanghai"/>
    <property name="os.name" value="Windows 10"/>
    <property name="java.vm.specification.version" value="17"/>
    <property name="sun.java.launcher" value="SUN_STANDARD"/>
    <property name="user.country" value="CN"/>
    <property name="sun.boot.library.path" value="C:\Program Files\Java\openjdk-17.0.1\bin"/>
    <property name="sun.java.command" value="C:\Users\hack\AppData\Local\Temp\surefire16710293200605040139\surefirebooter1429787798566394286.jar C:\Users\hack\AppData\Local\Temp\surefire16710293200605040139 2021-12-20T23-33-56_049-jvmRun1 surefire17178591553027469141tmp surefire_04850417340891549530tmp"/>
    <property name="jdk.debug" value="release"/>
    <property name="surefire.test.class.path" value="M:\[源码]是个语言项目就放这\JAVA\GeekLauncher\GeekLauncher\ServerClient_Web\target\test-classes;M:\[源码]是个语言项目就放这\JAVA\GeekLauncher\GeekLauncher\ServerClient_Web\target\classes;D:\User\Xuan\.m2\repository\junit\junit\3.8.1\junit-3.8.1.jar;D:\User\Xuan\.m2\repository\org\springframework\boot\spring-boot-starter\2.1.3.RELEASE\spring-boot-starter-2.1.3.RELEASE.jar;D:\User\Xuan\.m2\repository\org\springframework\boot\spring-boot\2.1.3.RELEASE\spring-boot-2.1.3.RELEASE.jar;D:\User\Xuan\.m2\repository\org\springframework\spring-context\5.1.5.RELEASE\spring-context-5.1.5.RELEASE.jar;D:\User\Xuan\.m2\repository\org\springframework\boot\spring-boot-autoconfigure\2.1.3.RELEASE\spring-boot-autoconfigure-2.1.3.RELEASE.jar;D:\User\Xuan\.m2\repository\javax\annotation\javax.annotation-api\1.3.2\javax.annotation-api-1.3.2.jar;D:\User\Xuan\.m2\repository\org\springframework\spring-core\5.1.5.RELEASE\spring-core-5.1.5.RELEASE.jar;D:\User\Xuan\.m2\repository\org\springframework\spring-jcl\5.1.5.RELEASE\spring-jcl-5.1.5.RELEASE.jar;D:\User\Xuan\.m2\repository\org\yaml\snakeyaml\1.23\snakeyaml-1.23.jar;D:\User\Xuan\.m2\repository\org\springframework\boot\spring-boot-starter-web\2.1.3.RELEASE\spring-boot-starter-web-2.1.3.RELEASE.jar;D:\User\Xuan\.m2\repository\org\springframework\boot\spring-boot-starter-json\2.1.3.RELEASE\spring-boot-starter-json-2.1.3.RELEASE.jar;D:\User\Xuan\.m2\repository\com\fasterxml\jackson\datatype\jackson-datatype-jdk8\2.9.8\jackson-datatype-jdk8-2.9.8.jar;D:\User\Xuan\.m2\repository\com\fasterxml\jackson\datatype\jackson-datatype-jsr310\2.9.8\jackson-datatype-jsr310-2.9.8.jar;D:\User\Xuan\.m2\repository\com\fasterxml\jackson\module\jackson-module-parameter-names\2.9.8\jackson-module-parameter-names-2.9.8.jar;D:\User\Xuan\.m2\repository\org\springframework\boot\spring-boot-starter-tomcat\2.1.3.RELEASE\spring-boot-starter-tomcat-2.1.3.RELEASE.jar;D:\User\Xuan\.m2\repository\org\apache\tomcat\embed\tomcat-embed-core\9.0.16\tomcat-embed-core-9.0.16.jar;D:\User\Xuan\.m2\repository\org\apache\tomcat\embed\tomcat-embed-el\9.0.16\tomcat-embed-el-9.0.16.jar;D:\User\Xuan\.m2\repository\org\apache\tomcat\embed\tomcat-embed-websocket\9.0.16\tomcat-embed-websocket-9.0.16.jar;D:\User\Xuan\.m2\repository\org\hibernate\validator\hibernate-validator\6.0.14.Final\hibernate-validator-6.0.14.Final.jar;D:\User\Xuan\.m2\repository\com\fasterxml\classmate\1.4.0\classmate-1.4.0.jar;D:\User\Xuan\.m2\repository\org\springframework\spring-web\5.1.5.RELEASE\spring-web-5.1.5.RELEASE.jar;D:\User\Xuan\.m2\repository\org\springframework\spring-beans\5.1.5.RELEASE\spring-beans-5.1.5.RELEASE.jar;D:\User\Xuan\.m2\repository\org\springframework\spring-webmvc\5.1.5.RELEASE\spring-webmvc-5.1.5.RELEASE.jar;D:\User\Xuan\.m2\repository\org\springframework\spring-aop\5.1.5.RELEASE\spring-aop-5.1.5.RELEASE.jar;D:\User\Xuan\.m2\repository\org\springframework\spring-expression\5.1.5.RELEASE\spring-expression-5.1.5.RELEASE.jar;D:\User\Xuan\.m2\repository\org\springframework\boot\spring-boot-starter-log4j2\2.1.3.RELEASE\spring-boot-starter-log4j2-2.1.3.RELEASE.jar;D:\User\Xuan\.m2\repository\org\apache\logging\log4j\log4j-core\2.11.2\log4j-core-2.11.2.jar;D:\User\Xuan\.m2\repository\org\apache\logging\log4j\log4j-jul\2.11.2\log4j-jul-2.11.2.jar;D:\User\Xuan\.m2\repository\org\slf4j\jul-to-slf4j\1.7.25\jul-to-slf4j-1.7.25.jar;D:\User\Xuan\.m2\repository\org\apache\tapestry\tapestry-core\5.7.3\tapestry-core-5.7.3.jar;D:\User\Xuan\.m2\repository\org\apache\tapestry\tapestry-ioc\5.7.3\tapestry-ioc-5.7.3.jar;D:\User\Xuan\.m2\repository\org\apache\tapestry\tapestry-func\5.7.3\tapestry-func-5.7.3.jar;D:\User\Xuan\.m2\repository\org\apache\tapestry\tapestry5-annotations\5.7.3\tapestry5-annotations-5.7.3.jar;D:\User\Xuan\.m2\repository\org\apache\tapestry\plastic\5.7.3\plastic-5.7.3.jar;D:\User\Xuan\.m2\repository\javax\inject\javax.inject\1\javax.inject-1.jar;D:\User\Xuan\.m2\repository\org\apache\tapestry\tapestry-json\5.7.3\tapestry-json-5.7.3.jar;D:\User\Xuan\.m2\repository\org\apache\tapestry\beanmodel\5.7.3\beanmodel-5.7.3.jar;D:\User\Xuan\.m2\repository\org\apache\tapestry\commons\5.7.3\commons-5.7.3.jar;D:\User\Xuan\.m2\repository\org\antlr\antlr-runtime\3.5.2\antlr-runtime-3.5.2.jar;D:\User\Xuan\.m2\repository\org\apache\tapestry\tapestry-http\5.7.3\tapestry-http-5.7.3.jar;D:\User\Xuan\.m2\repository\jakarta\annotation\jakarta.annotation-api\1.3.4\jakarta.annotation-api-1.3.4.jar;D:\User\Xuan\.m2\repository\jakarta\xml\bind\jakarta.xml.bind-api\2.3.2\jakarta.xml.bind-api-2.3.2.jar;D:\User\Xuan\.m2\repository\jakarta\activation\jakarta.activation-api\1.2.1\jakarta.activation-api-1.2.1.jar;D:\User\Xuan\.m2\repository\org\glassfish\jaxb\jaxb-runtime\2.3.1\jaxb-runtime-2.3.1.jar;D:\User\Xuan\.m2\repository\javax\xml\bind\jaxb-api\2.3.1\jaxb-api-2.3.1.jar;D:\User\Xuan\.m2\repository\org\glassfish\jaxb\txw2\2.3.1\txw2-2.3.1.jar;D:\User\Xuan\.m2\repository\com\sun\istack\istack-commons-runtime\3.0.7\istack-commons-runtime-3.0.7.jar;D:\User\Xuan\.m2\repository\org\jvnet\staxex\stax-ex\1.8\stax-ex-1.8.jar;D:\User\Xuan\.m2\repository\com\sun\xml\fastinfoset\FastInfoset\1.2.15\FastInfoset-1.2.15.jar;D:\User\Xuan\.m2\repository\javax\activation\javax.activation-api\1.2.0\javax.activation-api-1.2.0.jar;D:\User\Xuan\.m2\repository\com\sun\xml\ws\jaxws-rt\2.3.2\jaxws-rt-2.3.2.jar;D:\User\Xuan\.m2\repository\jakarta\xml\ws\jakarta.xml.ws-api\2.3.2\jakarta.xml.ws-api-2.3.2.jar;D:\User\Xuan\.m2\repository\jakarta\xml\soap\jakarta.xml.soap-api\1.4.1\jakarta.xml.soap-api-1.4.1.jar;D:\User\Xuan\.m2\repository\jakarta\jws\jakarta.jws-api\1.1.1\jakarta.jws-api-1.1.1.jar;D:\User\Xuan\.m2\repository\com\sun\xml\ws\policy\2.7.6\policy-2.7.6.jar;D:\User\Xuan\.m2\repository\org\glassfish\gmbal\gmbal\4.0.0\gmbal-4.0.0.jar;D:\User\Xuan\.m2\repository\org\glassfish\external\management-api\3.2.1\management-api-3.2.1.jar;D:\User\Xuan\.m2\repository\org\glassfish\pfl\pfl-basic\4.0.1\pfl-basic-4.0.1.jar;D:\User\Xuan\.m2\repository\org\glassfish\pfl\pfl-tf\4.0.1\pfl-tf-4.0.1.jar;D:\User\Xuan\.m2\repository\org\glassfish\pfl\pfl-asm\4.0.1\pfl-asm-4.0.1.jar;D:\User\Xuan\.m2\repository\org\glassfish\pfl\pfl-dynamic\4.0.1\pfl-dynamic-4.0.1.jar;D:\User\Xuan\.m2\repository\org\glassfish\pfl\pfl-basic-tools\4.0.1\pfl-basic-tools-4.0.1.jar;D:\User\Xuan\.m2\repository\org\glassfish\pfl\pfl-tf-tools\4.0.1\pfl-tf-tools-4.0.1.jar;D:\User\Xuan\.m2\repository\com\sun\xml\stream\buffer\streambuffer\1.5.7\streambuffer-1.5.7.jar;D:\User\Xuan\.m2\repository\org\jvnet\mimepull\mimepull\1.9.11\mimepull-1.9.11.jar;D:\User\Xuan\.m2\repository\org\glassfish\ha\ha-api\3.1.12\ha-api-3.1.12.jar;D:\User\Xuan\.m2\repository\com\sun\xml\messaging\saaj\saaj-impl\1.5.0\saaj-impl-1.5.0.jar;D:\User\Xuan\.m2\repository\com\fasterxml\woodstox\woodstox-core\5.1.0\woodstox-core-5.1.0.jar;D:\User\Xuan\.m2\repository\org\codehaus\woodstox\stax2-api\4.1\stax2-api-4.1.jar;D:\User\Xuan\.m2\repository\javax\xml\ws\jaxws-api\2.3.1\jaxws-api-2.3.1.jar;D:\User\Xuan\.m2\repository\javax\xml\soap\javax.xml.soap-api\1.4.0\javax.xml.soap-api-1.4.0.jar;D:\User\Xuan\.m2\repository\commons-codec\commons-codec\1.11\commons-codec-1.11.jar;D:\User\Xuan\.m2\repository\org\apache\tapestry\tapestry-webresources\5.7.3\tapestry-webresources-5.7.3.jar;D:\User\Xuan\.m2\repository\com\github\sommeri\less4j\1.12.0\less4j-1.12.0.jar;D:\User\Xuan\.m2\repository\commons-beanutils\commons-beanutils\1.8.3\commons-beanutils-1.8.3.jar;D:\User\Xuan\.m2\repository\commons-logging\commons-logging\1.1.1\commons-logging-1.1.1.jar;D:\User\Xuan\.m2\repository\org\json\json\20090211\json-20090211.jar;D:\User\Xuan\.m2\repository\com\google\protobuf\protobuf-java\2.5.0\protobuf-java-2.5.0.jar;D:\User\Xuan\.m2\repository\com\google\javascript\closure-compiler-unshaded\v20200504\closure-compiler-unshaded-v20200504.jar;D:\User\Xuan\.m2\repository\com\google\javascript\closure-compiler-externs\v20200504\closure-compiler-externs-v20200504.jar;D:\User\Xuan\.m2\repository\args4j\args4j\2.0.26\args4j-2.0.26.jar;D:\User\Xuan\.m2\repository\com\google\errorprone\error_prone_annotations\2.3.1\error_prone_annotations-2.3.1.jar;D:\User\Xuan\.m2\repository\com\google\code\gson\gson\2.8.5\gson-2.8.5.jar;D:\User\Xuan\.m2\repository\com\google\code\findbugs\jsr305\3.0.1\jsr305-3.0.1.jar;D:\User\Xuan\.m2\repository\com\google\jsinterop\jsinterop-annotations\1.0.2\jsinterop-annotations-1.0.2.jar;D:\User\Xuan\.m2\repository\com\google\jsinterop\base\1.0.0\base-1.0.0.jar;D:\User\Xuan\.m2\repository\com\google\elemental2\elemental2-core\1.0.0-RC1\elemental2-core-1.0.0-RC1.jar;D:\User\Xuan\.m2\repository\com\google\re2j\re2j\1.3\re2j-1.3.jar;D:\User\Xuan\.m2\repository\org\mozilla\rhino\1.7.7.2\rhino-1.7.7.2.jar;D:\User\Xuan\.m2\repository\org\apache\tapestry\tapestry-hibernate\5.7.3\tapestry-hibernate-5.7.3.jar;D:\User\Xuan\.m2\repository\org\apache\tapestry\tapestry-hibernate-core\5.7.3\tapestry-hibernate-core-5.7.3.jar;D:\User\Xuan\.m2\repository\org\hibernate\hibernate-core\5.3.7.Final\hibernate-core-5.3.7.Final.jar;D:\User\Xuan\.m2\repository\javax\persistence\javax.persistence-api\2.2\javax.persistence-api-2.2.jar;D:\User\Xuan\.m2\repository\org\javassist\javassist\3.23.1-GA\javassist-3.23.1-GA.jar;D:\User\Xuan\.m2\repository\antlr\antlr\2.7.7\antlr-2.7.7.jar;D:\User\Xuan\.m2\repository\org\jboss\spec\javax\transaction\jboss-transaction-api_1.2_spec\1.1.1.Final\jboss-transaction-api_1.2_spec-1.1.1.Final.jar;D:\User\Xuan\.m2\repository\org\jboss\jandex\2.0.5.Final\jandex-2.0.5.Final.jar;D:\User\Xuan\.m2\repository\org\dom4j\dom4j\2.1.1\dom4j-2.1.1.jar;D:\User\Xuan\.m2\repository\org\hibernate\common\hibernate-commons-annotations\5.0.4.Final\hibernate-commons-annotations-5.0.4.Final.jar;D:\User\Xuan\.m2\repository\org\jboss\logging\jboss-logging\3.3.2.Final\jboss-logging-3.3.2.Final.jar;D:\User\Xuan\.m2\repository\org\apache\tapestry\tapestry-beanvalidator\5.7.3\tapestry-beanvalidator-5.7.3.jar;D:\User\Xuan\.m2\repository\javax\validation\validation-api\2.0.1.Final\validation-api-2.0.1.Final.jar;D:\User\Xuan\.m2\repository\org\hibernate\hibernate-validator\4.3.2.Final\hibernate-validator-4.3.2.Final.jar;D:\User\Xuan\.m2\repository\org\apache\tapestry\tapestry-upload\5.7.3\tapestry-upload-5.7.3.jar;D:\User\Xuan\.m2\repository\commons-fileupload\commons-fileupload\1.3.2\commons-fileupload-1.3.2.jar;D:\User\Xuan\.m2\repository\commons-io\commons-io\2.4\commons-io-2.4.jar;D:\User\Xuan\.m2\repository\org\apache\tapestry\tapestry-test\5.7.3\tapestry-test-5.7.3.jar;D:\User\Xuan\.m2\repository\org\apache\tapestry\tapestry-test-data\5.7.3\tapestry-test-data-5.7.3.jar;D:\User\Xuan\.m2\repository\org\apache\tapestry\tapestry-runner\5.7.3\tapestry-runner-5.7.3.jar;D:\User\Xuan\.m2\repository\org\apache\tapestry\tapestry-test-constants\5.7.3\tapestry-test-constants-5.7.3.jar;D:\User\Xuan\.m2\repository\org\eclipse\jetty\jetty-server\9.4.14.v20181114\jetty-server-9.4.14.v20181114.jar;D:\User\Xuan\.m2\repository\org\eclipse\jetty\jetty-http\9.4.14.v20181114\jetty-http-9.4.14.v20181114.jar;D:\User\Xuan\.m2\repository\org\eclipse\jetty\jetty-io\9.4.14.v20181114\jetty-io-9.4.14.v20181114.jar;D:\User\Xuan\.m2\repository\org\eclipse\jetty\jetty-jndi\9.4.14.v20181114\jetty-jndi-9.4.14.v20181114.jar;D:\User\Xuan\.m2\repository\org\eclipse\jetty\jetty-util\9.4.14.v20181114\jetty-util-9.4.14.v20181114.jar;D:\User\Xuan\.m2\repository\org\eclipse\jetty\jetty-plus\9.4.14.v20181114\jetty-plus-9.4.14.v20181114.jar;D:\User\Xuan\.m2\repository\org\eclipse\jetty\jetty-webapp\9.4.14.v20181114\jetty-webapp-9.4.14.v20181114.jar;D:\User\Xuan\.m2\repository\org\eclipse\jetty\jetty-xml\9.4.14.v20181114\jetty-xml-9.4.14.v20181114.jar;D:\User\Xuan\.m2\repository\org\eclipse\jetty\jetty-servlet\9.4.14.v20181114\jetty-servlet-9.4.14.v20181114.jar;D:\User\Xuan\.m2\repository\org\eclipse\jetty\jetty-security\9.4.14.v20181114\jetty-security-9.4.14.v20181114.jar;D:\User\Xuan\.m2\repository\org\apache\tomcat\tomcat-catalina\7.0.70\tomcat-catalina-7.0.70.jar;D:\User\Xuan\.m2\repository\org\apache\tomcat\tomcat-servlet-api\7.0.70\tomcat-servlet-api-7.0.70.jar;D:\User\Xuan\.m2\repository\org\apache\tomcat\tomcat-juli\7.0.70\tomcat-juli-7.0.70.jar;D:\User\Xuan\.m2\repository\org\apache\tomcat\tomcat-annotations-api\9.0.16\tomcat-annotations-api-9.0.16.jar;D:\User\Xuan\.m2\repository\org\apache\tomcat\tomcat-api\7.0.70\tomcat-api-7.0.70.jar;D:\User\Xuan\.m2\repository\org\apache\tomcat\tomcat-util\7.0.70\tomcat-util-7.0.70.jar;D:\User\Xuan\.m2\repository\org\apache\tomcat\tomcat-coyote\7.0.70\tomcat-coyote-7.0.70.jar;D:\User\Xuan\.m2\repository\org\apache\tomcat\tomcat-dbcp\7.0.70\tomcat-dbcp-7.0.70.jar;D:\User\Xuan\.m2\repository\commons-cli\commons-cli\1.2\commons-cli-1.2.jar;D:\User\Xuan\.m2\repository\org\apache\tomcat\tomcat-jasper\7.0.70\tomcat-jasper-7.0.70.jar;D:\User\Xuan\.m2\repository\org\apache\tomcat\tomcat-jsp-api\9.0.16\tomcat-jsp-api-9.0.16.jar;D:\User\Xuan\.m2\repository\org\apache\tomcat\tomcat-el-api\7.0.70\tomcat-el-api-7.0.70.jar;D:\User\Xuan\.m2\repository\org\eclipse\jdt\core\compiler\ecj\4.4.2\ecj-4.4.2.jar;D:\User\Xuan\.m2\repository\org\apache\tomcat\tomcat-jasper-el\7.0.70\tomcat-jasper-el-7.0.70.jar;D:\User\Xuan\.m2\repository\io\github\bonigarcia\webdrivermanager\2.2.4\webdrivermanager-2.2.4.jar;D:\User\Xuan\.m2\repository\org\apache\commons\commons-lang3\3.8.1\commons-lang3-3.8.1.jar;D:\User\Xuan\.m2\repository\org\apache\httpcomponents\httpclient\4.5.7\httpclient-4.5.7.jar;D:\User\Xuan\.m2\repository\org\rauschig\jarchivelib\0.8.0\jarchivelib-0.8.0.jar;D:\User\Xuan\.m2\repository\org\apache\commons\commons-compress\1.14\commons-compress-1.14.jar;D:\User\Xuan\.m2\repository\org\jsoup\jsoup\1.11.3\jsoup-1.11.3.jar;D:\User\Xuan\.m2\repository\org\seleniumhq\selenium\selenium-leg-rc\3.141.59\selenium-leg-rc-3.141.59.jar;D:\User\Xuan\.m2\repository\org\seleniumhq\selenium\selenium-chrome-driver\3.14.0\selenium-chrome-driver-3.14.0.jar;D:\User\Xuan\.m2\repository\org\seleniumhq\selenium\selenium-edge-driver\3.14.0\selenium-edge-driver-3.14.0.jar;D:\User\Xuan\.m2\repository\org\seleniumhq\selenium\selenium-firefox-driver\3.14.0\selenium-firefox-driver-3.14.0.jar;D:\User\Xuan\.m2\repository\org\seleniumhq\selenium\selenium-ie-driver\3.14.0\selenium-ie-driver-3.14.0.jar;D:\User\Xuan\.m2\repository\org\seleniumhq\selenium\selenium-opera-driver\3.14.0\selenium-opera-driver-3.14.0.jar;D:\User\Xuan\.m2\repository\org\seleniumhq\selenium\selenium-safari-driver\3.14.0\selenium-safari-driver-3.14.0.jar;D:\User\Xuan\.m2\repository\org\apache\ant\ant\1.9.9\ant-1.9.9.jar;D:\User\Xuan\.m2\repository\org\apache\ant\ant-launcher\1.9.9\ant-launcher-1.9.9.jar;D:\User\Xuan\.m2\repository\com\beust\jcommander\1.72\jcommander-1.72.jar;D:\User\Xuan\.m2\repository\org\easymock\easymock\3.3.1\easymock-3.3.1.jar;D:\User\Xuan\.m2\repository\cglib\cglib\3.1\cglib-3.1.jar;D:\User\Xuan\.m2\repository\org\ow2\asm\asm\5.0.3\asm-5.0.3.jar;D:\User\Xuan\.m2\repository\org\objenesis\objenesis\2.1\objenesis-2.1.jar;D:\User\Xuan\.m2\repository\net\sourceforge\tapestrytestify\tapestry-testify\1.0.4\tapestry-testify-1.0.4.jar;D:\User\Xuan\.m2\repository\org\testng\testng\5.8\testng-5.8-jdk15.jar;D:\User\Xuan\.m2\repository\net\sourceforge\tapestryxpath\tapestry-xpath\1.0.1\tapestry-xpath-1.0.1.jar;D:\User\Xuan\.m2\repository\jaxen\jaxen\1.1.6\jaxen-1.1.6.jar;D:\User\Xuan\.m2\repository\org\spockframework\spock-core\1.3-RC1-groovy-2.5\spock-core-1.3-RC1-groovy-2.5.jar;D:\User\Xuan\.m2\repository\org\codehaus\groovy\groovy\2.5.6\groovy-2.5.6.jar;D:\User\Xuan\.m2\repository\org\codehaus\groovy\groovy-json\2.5.6\groovy-json-2.5.6.jar;D:\User\Xuan\.m2\repository\org\codehaus\groovy\groovy-nio\2.5.6\groovy-nio-2.5.6.jar;D:\User\Xuan\.m2\repository\org\codehaus\groovy\groovy-macro\2.5.6\groovy-macro-2.5.6.jar;D:\User\Xuan\.m2\repository\org\codehaus\groovy\groovy-templates\2.5.6\groovy-templates-2.5.6.jar;D:\User\Xuan\.m2\repository\org\codehaus\groovy\groovy-test\2.5.6\groovy-test-2.5.6.jar;D:\User\Xuan\.m2\repository\org\codehaus\groovy\groovy-sql\2.5.6\groovy-sql-2.5.6.jar;D:\User\Xuan\.m2\repository\org\codehaus\groovy\groovy-xml\2.5.6\groovy-xml-2.5.6.jar;D:\User\Xuan\.m2\repository\org\spockframework\spock-spring\1.3-RC1-groovy-2.5\spock-spring-1.3-RC1-groovy-2.5.jar;D:\User\Xuan\.m2\repository\org\springframework\boot\spring-boot-starter-test\2.1.3.RELEASE\spring-boot-starter-test-2.1.3.RELEASE.jar;D:\User\Xuan\.m2\repository\org\springframework\boot\spring-boot-test\2.1.3.RELEASE\spring-boot-test-2.1.3.RELEASE.jar;D:\User\Xuan\.m2\repository\org\springframework\boot\spring-boot-test-autoconfigure\2.1.3.RELEASE\spring-boot-test-autoconfigure-2.1.3.RELEASE.jar;D:\User\Xuan\.m2\repository\com\jayway\jsonpath\json-path\2.4.0\json-path-2.4.0.jar;D:\User\Xuan\.m2\repository\net\minidev\json-smart\2.3\json-smart-2.3.jar;D:\User\Xuan\.m2\repository\net\minidev\accessors-smart\1.2\accessors-smart-1.2.jar;D:\User\Xuan\.m2\repository\org\assertj\assertj-core\3.11.1\assertj-core-3.11.1.jar;D:\User\Xuan\.m2\repository\org\mockito\mockito-core\2.23.4\mockito-core-2.23.4.jar;D:\User\Xuan\.m2\repository\net\bytebuddy\byte-buddy-agent\1.9.10\byte-buddy-agent-1.9.10.jar;D:\User\Xuan\.m2\repository\org\hamcrest\hamcrest-core\1.3\hamcrest-core-1.3.jar;D:\User\Xuan\.m2\repository\org\hamcrest\hamcrest-library\1.3\hamcrest-library-1.3.jar;D:\User\Xuan\.m2\repository\org\skyscreamer\jsonassert\1.5.0\jsonassert-1.5.0.jar;D:\User\Xuan\.m2\repository\com\vaadin\external\google\android-json\0.0.20131108.vaadin1\android-json-0.0.20131108.vaadin1.jar;D:\User\Xuan\.m2\repository\org\springframework\spring-test\5.1.5.RELEASE\spring-test-5.1.5.RELEASE.jar;D:\User\Xuan\.m2\repository\org\xmlunit\xmlunit-core\2.6.2\xmlunit-core-2.6.2.jar;D:\User\Xuan\.m2\repository\org\gebish\geb-spock\2.3.1\geb-spock-2.3.1.jar;D:\User\Xuan\.m2\repository\org\codehaus\groovy\groovy-all\2.4.16\groovy-all-2.4.16.jar;D:\User\Xuan\.m2\repository\org\gebish\geb-core\2.3.1\geb-core-2.3.1.jar;D:\User\Xuan\.m2\repository\org\gebish\geb-ast\2.3.1\geb-ast-2.3.1.jar;D:\User\Xuan\.m2\repository\org\gebish\geb-waiting\2.3.1\geb-waiting-2.3.1.jar;D:\User\Xuan\.m2\repository\org\gebish\geb-implicit-assertions\2.3.1\geb-implicit-assertions-2.3.1.jar;D:\User\Xuan\.m2\repository\org\gebish\geb-exceptions\2.3.1\geb-exceptions-2.3.1.jar;D:\User\Xuan\.m2\repository\org\jodd\jodd-lagarto\3.7.1\jodd-lagarto-3.7.1.jar;D:\User\Xuan\.m2\repository\org\jodd\jodd-core\3.7.1\jodd-core-3.7.1.jar;D:\User\Xuan\.m2\repository\org\jodd\jodd-log\3.7.1\jodd-log-3.7.1.jar;D:\User\Xuan\.m2\repository\org\threeten\threeten-extra\1.4\threeten-extra-1.4.jar;D:\User\Xuan\.m2\repository\org\seleniumhq\selenium\selenium-support\3.141.59\selenium-support-3.141.59.jar;D:\User\Xuan\.m2\repository\org\seleniumhq\selenium\selenium-api\3.14.0\selenium-api-3.14.0.jar;D:\User\Xuan\.m2\repository\org\seleniumhq\selenium\selenium-remote-driver\3.14.0\selenium-remote-driver-3.14.0.jar;D:\User\Xuan\.m2\repository\org\apache\httpcomponents\httpcore\4.4.11\httpcore-4.4.11.jar;D:\User\Xuan\.m2\repository\net\bytebuddy\byte-buddy\1.9.10\byte-buddy-1.9.10.jar;D:\User\Xuan\.m2\repository\org\apache\commons\commons-exec\1.3\commons-exec-1.3.jar;D:\User\Xuan\.m2\repository\com\google\guava\guava\25.0-jre\guava-25.0-jre.jar;D:\User\Xuan\.m2\repository\org\checkerframework\checker-compat-qual\2.0.0\checker-compat-qual-2.0.0.jar;D:\User\Xuan\.m2\repository\com\google\j2objc\j2objc-annotations\1.1\j2objc-annotations-1.1.jar;D:\User\Xuan\.m2\repository\org\codehaus\mojo\animal-sniffer-annotations\1.14\animal-sniffer-annotations-1.14.jar;D:\User\Xuan\.m2\repository\com\squareup\okhttp3\okhttp\3.11.0\okhttp-3.11.0.jar;D:\User\Xuan\.m2\repository\com\squareup\okio\okio\1.14.0\okio-1.14.0.jar;D:\User\Xuan\.m2\repository\org\seleniumhq\selenium\htmlunit-driver\2.33.3\htmlunit-driver-2.33.3.jar;D:\User\Xuan\.m2\repository\net\sourceforge\htmlunit\htmlunit\2.33\htmlunit-2.33.jar;D:\User\Xuan\.m2\repository\xalan\xalan\2.7.2\xalan-2.7.2.jar;D:\User\Xuan\.m2\repository\xalan\serializer\2.7.2\serializer-2.7.2.jar;D:\User\Xuan\.m2\repository\org\apache\commons\commons-text\1.4\commons-text-1.4.jar;D:\User\Xuan\.m2\repository\org\apache\httpcomponents\httpmime\4.5.7\httpmime-4.5.7.jar;D:\User\Xuan\.m2\repository\net\sourceforge\htmlunit\htmlunit-core-js\2.33\htmlunit-core-js-2.33.jar;D:\User\Xuan\.m2\repository\net\sourceforge\htmlunit\neko-htmlunit\2.33\neko-htmlunit-2.33.jar;D:\User\Xuan\.m2\repository\xerces\xercesImpl\2.12.0\xercesImpl-2.12.0.jar;D:\User\Xuan\.m2\repository\xml-apis\xml-apis\1.4.01\xml-apis-1.4.01.jar;D:\User\Xuan\.m2\repository\net\sourceforge\htmlunit\htmlunit-cssparser\1.2.0\htmlunit-cssparser-1.2.0.jar;D:\User\Xuan\.m2\repository\commons-net\commons-net\3.6\commons-net-3.6.jar;D:\User\Xuan\.m2\repository\org\eclipse\jetty\websocket\websocket-client\9.4.14.v20181114\websocket-client-9.4.14.v20181114.jar;D:\User\Xuan\.m2\repository\org\eclipse\jetty\jetty-client\9.4.14.v20181114\jetty-client-9.4.14.v20181114.jar;D:\User\Xuan\.m2\repository\org\eclipse\jetty\websocket\websocket-common\9.4.14.v20181114\websocket-common-9.4.14.v20181114.jar;D:\User\Xuan\.m2\repository\org\eclipse\jetty\websocket\websocket-api\9.4.14.v20181114\websocket-api-9.4.14.v20181114.jar;D:\User\Xuan\.m2\repository\org\apache\logging\log4j\log4j-slf4j-impl\2.11.2\log4j-slf4j-impl-2.11.2.jar;D:\User\Xuan\.m2\repository\org\slf4j\slf4j-api\1.7.25\slf4j-api-1.7.25.jar;D:\User\Xuan\.m2\repository\org\apache\logging\log4j\log4j-api\2.11.2\log4j-api-2.11.2.jar;D:\User\Xuan\.m2\repository\org\eclipse\yasson\1.0.1\yasson-1.0.1.jar;D:\User\Xuan\.m2\repository\javax\json\bind\javax.json.bind-api\1.0\javax.json.bind-api-1.0.jar;D:\User\Xuan\.m2\repository\javax\json\javax.json-api\1.1.4\javax.json-api-1.1.4.jar;D:\User\Xuan\.m2\repository\javax\enterprise\cdi-api\2.0\cdi-api-2.0.jar;D:\User\Xuan\.m2\repository\javax\el\javax.el-api\3.0.0\javax.el-api-3.0.0.jar;D:\User\Xuan\.m2\repository\javax\interceptor\javax.interceptor-api\1.2\javax.interceptor-api-1.2.jar;D:\User\Xuan\.m2\repository\org\glassfish\javax.json\1.1.2\javax.json-1.1.2.jar;D:\User\Xuan\.m2\repository\com\fasterxml\jackson\core\jackson-databind\2.9.6\jackson-databind-2.9.6.jar;D:\User\Xuan\.m2\repository\com\fasterxml\jackson\core\jackson-annotations\2.9.0\jackson-annotations-2.9.0.jar;D:\User\Xuan\.m2\repository\com\fasterxml\jackson\core\jackson-core\2.9.8\jackson-core-2.9.8.jar;D:\User\Xuan\.m2\repository\com\fasterxml\jackson\dataformat\jackson-dataformat-yaml\2.9.6\jackson-dataformat-yaml-2.9.6.jar;D:\User\Xuan\.m2\repository\javax\servlet\javax.servlet-api\3.0.1\javax.servlet-api-3.0.1.jar;"/>
    <property name="sun.cpu.endian" value="little"/>
    <property name="user.home" value="C:\Users\hack"/>
    <property name="user.language" value="zh"/>
    <property name="java.specification.vendor" value="Oracle Corporation"/>
    <property name="java.version.date" value="2021-10-19"/>
    <property name="java.home" value="C:\Program Files\Java\openjdk-17.0.1"/>
    <property name="file.separator" value="\"/>
    <property name="basedir" value="M:\[源码]是个语言项目就放这\JAVA\GeekLauncher\GeekLauncher\ServerClient_Web"/>
    <property name="java.vm.compressedOopsMode" value="Zero based"/>
    <property name="line.separator" value="&#10;"/>
    <property name="java.vm.specification.vendor" value="Oracle Corporation"/>
    <property name="java.specification.name" value="Java Platform API Specification"/>
    <property name="surefire.real.class.path" value="C:\Users\hack\AppData\Local\Temp\surefire16710293200605040139\surefirebooter1429787798566394286.jar"/>
    <property name="user.script" value=""/>
    <property name="sun.management.compiler" value="HotSpot 64-Bit Tiered Compilers"/>
    <property name="java.runtime.version" value="17.0.1+12-39"/>
    <property name="user.name" value="Xuan"/>
    <property name="path.separator" value=";"/>
    <property name="os.version" value="10.0"/>
    <property name="java.runtime.name" value="OpenJDK Runtime Environment"/>
    <property name="file.encoding" value="GBK"/>
    <property name="java.vm.name" value="OpenJDK 64-Bit Server VM"/>
    <property name="localRepository" value="D:\User\Xuan\.m2\repository"/>
    <property name="java.vendor.url.bug" value="https://bugreport.java.com/bugreport/"/>
    <property name="java.io.tmpdir" value="C:\Users\hack\AppData\Local\Temp\"/>
    <property name="idea.version" value="2021.2.1"/>
    <property name="java.version" value="17.0.1"/>
    <property name="user.dir" value="M:\[源码]是个语言项目就放这\JAVA\GeekLauncher\GeekLauncher\ServerClient_Web"/>
    <property name="os.arch" value="amd64"/>
    <property name="java.vm.specification.name" value="Java Virtual Machine Specification"/>
    <property name="sun.os.patch.level" value=""/>
    <property name="native.encoding" value="GBK"/>
    <property name="java.library.path" value="C:\Program Files\Java\openjdk-17.0.1\bin;C:\Windows\Sun\Java\bin;C:\Windows\system32;C:\Windows;G:\Program Files\Python310\Scripts\;G:\Program Files\Python310\;G:\Program Files\Python39\Scripts\;G:\Program Files\Python39\;C:\Program Files (x86)\Common Files\Intel\Shared Libraries\redist\intel64\compiler;C:\Program Files (x86)\Common Files\Oracle\Java\javapath;C:\Windows\system32;C:\Windows;C:\Windows\System32\Wbem;C:\Windows\System32\WindowsPowerShell\v1.0\;C:\Windows\System32\OpenSSH\;C:\WINDOWS\system32;C:\WINDOWS;C:\WINDOWS\System32\Wbem;C:\WINDOWS\System32\WindowsPowerShell\v1.0\;C:\WINDOWS\System32\OpenSSH\;G:\Program Files\nodejs\;G:\Program Files\WorldPainter;C:\Program Files\NVIDIA Corporation\NVIDIA NvDLISR;C:\Program Files\dotnet\;C:\Program Files (x86)\NVIDIA Corporation\PhysX\Common;C:\Program Files\Go\bin;C:\Users\hack\scoop\apps\python\current\Scripts;C:\Users\hack\scoop\apps\python\current;C:\Users\hack\scoop\shims;C:\Users\hack\AppData\Local\Microsoft\WindowsApps;M:\WebStorm 2021.2.3\bin;;M:\GoLand 2021.3\bin;;C:\Users\hack\go\bin;."/>
    <property name="java.vm.info" value="mixed mode, sharing"/>
    <property name="java.vendor" value="Oracle Corporation"/>
    <property name="java.vm.version" value="17.0.1+12-39"/>
    <property name="sun.io.unicode.encoding" value="UnicodeLittle"/>
    <property name="maven.repo.local" value="D:\User\Xuan\.m2\repository"/>
    <property name="java.class.version" value="61.0"/>
  </properties>
  <testcase name="testApp" classname="net.go176.AppTest" time="0.071"/>
</testsuite>